<?xml version="1.0" encoding="UTF-8"?>
<testng-results ignored="0" total="3" passed="3" failed="0" skipped="0">
  <reporter-output>
  </reporter-output>
  <suite started-at="2021-11-16T18:32:59 IST" name="Default suite" finished-at="2021-11-16T18:33:33 IST" duration-ms="34319">
    <groups>
    </groups>
    <test started-at="2021-11-16T18:32:59 IST" name="Default test" finished-at="2021-11-16T18:33:33 IST" duration-ms="34319">
      <class name="com.test.GoogleLogoTest">
        <test-method is-config="true" signature="setUp()[pri:0, instance:com.test.GoogleLogoTest@4ef37659]" started-at="2021-11-16T18:32:59 IST" name="setUp" finished-at="2021-11-16T18:33:12 IST" duration-ms="13202" status="PASS">
          <reporter-output>
          </reporter-output>
        </test-method> <!-- setUp -->
        <test-method signature="getTitle()[pri:0, instance:com.test.GoogleLogoTest@4ef37659]" started-at="2021-11-16T18:33:12 IST" name="getTitle" finished-at="2021-11-16T18:33:12 IST" duration-ms="12" status="PASS">
          <reporter-output>
          </reporter-output>
        </test-method> <!-- getTitle -->
        <test-method is-config="true" signature="tearDown()[pri:0, instance:com.test.GoogleLogoTest@4ef37659]" started-at="2021-11-16T18:33:12 IST" name="tearDown" finished-at="2021-11-16T18:33:13 IST" duration-ms="1603" status="PASS">
          <reporter-output>
          </reporter-output>
        </test-method> <!-- tearDown -->
        <test-method is-config="true" signature="setUp()[pri:0, instance:com.test.GoogleLogoTest@4ef37659]" started-at="2021-11-16T18:33:13 IST" name="setUp" finished-at="2021-11-16T18:33:21 IST" duration-ms="7915" status="PASS">
          <reporter-output>
          </reporter-output>
        </test-method> <!-- setUp -->
        <test-method signature="gmailLink()[pri:0, instance:com.test.GoogleLogoTest@4ef37659]" started-at="2021-11-16T18:33:21 IST" name="gmailLink" finished-at="2021-11-16T18:33:21 IST" duration-ms="99" status="PASS">
          <reporter-output>
          </reporter-output>
        </test-method> <!-- gmailLink -->
        <test-method is-config="true" signature="tearDown()[pri:0, instance:com.test.GoogleLogoTest@4ef37659]" started-at="2021-11-16T18:33:21 IST" name="tearDown" finished-at="2021-11-16T18:33:23 IST" duration-ms="1420" status="PASS">
          <reporter-output>
          </reporter-output>
        </test-method> <!-- tearDown -->
        <test-method is-config="true" signature="setUp()[pri:0, instance:com.test.GoogleLogoTest@4ef37659]" started-at="2021-11-16T18:33:23 IST" name="setUp" finished-at="2021-11-16T18:33:31 IST" duration-ms="7782" status="PASS">
          <reporter-output>
          </reporter-output>
        </test-method> <!-- setUp -->
        <test-method signature="logoSearch()[pri:0, instance:com.test.GoogleLogoTest@4ef37659]" started-at="2021-11-16T18:33:31 IST" name="logoSearch" finished-at="2021-11-16T18:33:31 IST" duration-ms="55" status="PASS">
          <reporter-output>
          </reporter-output>
        </test-method> <!-- logoSearch -->
        <test-method is-config="true" signature="tearDown()[pri:0, instance:com.test.GoogleLogoTest@4ef37659]" started-at="2021-11-16T18:33:31 IST" name="tearDown" finished-at="2021-11-16T18:33:33 IST" duration-ms="2195" status="PASS">
          <reporter-output>
          </reporter-output>
        </test-method> <!-- tearDown -->
      </class> <!-- com.test.GoogleLogoTest -->
    </test> <!-- Default test -->
  </suite> <!-- Default suite -->
</testng-results>
