<?xml version="1.0" encoding="UTF-8"?>
<!-- Generated by org.testng.reporters.JUnitXMLReporter -->
<testsuite ignored="0" hostname="RENLTP2N103" failures="0" tests="3" name="Default test" time="34.319" errors="0" timestamp="2021-11-16T18:33:33 IST">
  <testcase classname="com.test.GoogleLogoTest" name="getTitle" time="0.012"/>
  <testcase classname="com.test.GoogleLogoTest" name="gmailLink" time="0.099"/>
  <testcase classname="com.test.GoogleLogoTest" name="logoSearch" time="0.055"/>
</testsuite> <!-- Default test -->
