<?xml version="1.0" encoding="UTF-8"?>
<!-- Generated by org.testng.reporters.JUnitXMLReporter -->
<testsuite ignored="0" hostname="RENLTP2N103" failures="0" tests="9" name="google searchtest" time="28.641" errors="0" timestamp="2021-10-29T11:36:36 IST">
  <testcase classname="com.test.DependAndGroupTest" name="login" time="0.005"/>
  <testcase classname="com.test.DependAndGroupTest" name="getTitle" time="0.001"/>
  <testcase classname="com.test.DependAndGroupTest" name="verifyLogo" time="0.002"/>
  <testcase classname="com.test.DependAndGroupTest" name="verifyGmailLink" time="0.002"/>
  <testcase classname="com.test.GoogleLogoTest" name="getTitle" time="0.007"/>
  <testcase classname="com.test.GoogleLogoTest" name="gmailLink" time="0.086"/>
  <testcase classname="com.test.GoogleLogoTest" name="logoSearch" time="0.058"/>
  <testcase classname="com.test.TestNGAnotation" name="getTitle" time="0.002"/>
  <testcase classname="com.test.TestNGAnotation" name="searchText" time="0.001"/>
</testsuite> <!-- google searchtest -->
