<?xml version="1.0" encoding="UTF-8"?>
<!-- Generated by org.testng.reporters.JUnitXMLReporter -->
<testsuite ignored="0" hostname="RENLTP2N103" failures="1" tests="2" name="listener Test" time="0.049" errors="0" timestamp="2021-10-27T12:29:56 IST">
  <testcase classname="listener.LoginTest" name="loginByEmail" time="0.011"/>
  <testcase classname="listener.LoginTest" name="loginByFacebook" time="0.002">
    <failure type="java.lang.AssertionError" message="expected [test] but found [Test]">
      <![CDATA[java.lang.AssertionError: expected [test] but found [Test]
at listener.LoginTest.loginByFacebook(LoginTest.java:19)
at java.base/java.util.ArrayList.forEach(ArrayList.java:1541)
... Removed 33 stack frames]]>
    </failure>
  </testcase> <!-- loginByFacebook -->
</testsuite> <!-- listener Test -->
